<?xml version="1.0" encoding="UTF-8"?>
<!-- Generated by org.testng.reporters.JUnitReportReporter -->
<testsuite hostname="DESKTOP-G092QH2" failures="0" tests="3" name="testNG.parallel" time="333.582" errors="0" timestamp="2022-12-22T09:12:25 IST" skipped="0">
  <testcase classname="testNG.parallel" name="demo" time="111.895"/>
  <system-out>
    <![CDATA[Facebook – log in or sign up
https://www.facebook.com/login/?privacy_mutation_token=eyJ0eXBlIjowLCJjcmVhdGlvbl90aW1lIjoxNjcxNjgwNDkwLCJjYWxsc2l0ZV9pZCI6MzgxMjI5MDc5NTc1OTQ2fQ%3D%3D]]>
  </system-out>
  <testcase classname="testNG.parallel" name="demo" time="109.988"/>
  <system-out>
    <![CDATA[Facebook – log in or sign up
https://www.facebook.com/login/?privacy_mutation_token=eyJ0eXBlIjowLCJjcmVhdGlvbl90aW1lIjoxNjcxNjgwNDkyLCJjYWxsc2l0ZV9pZCI6MzgxMjI5MDc5NTc1OTQ2fQ%3D%3D]]>
  </system-out>
  <testcase classname="testNG.parallel" name="demo" time="111.699"/>
  <system-out>
    <![CDATA[Facebook – log in or sign up
https://www.facebook.com/login/?privacy_mutation_token=eyJ0eXBlIjowLCJjcmVhdGlvbl90aW1lIjoxNjcxNjgwNDkzLCJjYWxsc2l0ZV9pZCI6MzgxMjI5MDc5NTc1OTQ2fQ%3D%3D]]>
  </system-out>
</testsuite> <!-- testNG.parallel -->
