<?xml version="1.0" encoding="UTF-8"?>
<!-- Generated by org.testng.reporters.JUnitReportReporter -->
<testsuite hostname="DESKTOP-G092QH2" failures="0" tests="1" name="testNG.Test1" time="0.026" errors="0" timestamp="2022-12-20T07:59:46 IST" skipped="0">
  <testcase classname="testNG.Test1" name="demo" time="0.026"/>
  <system-out>
    <![CDATA[hello java
hello selenium]]>
  </system-out>
</testsuite> <!-- testNG.Test1 -->
