<?xml version="1.0" encoding="UTF-8"?>
<!-- Generated by org.testng.reporters.JUnitReportReporter -->
<testsuite hostname="DESKTOP-G092QH2" failures="0" tests="5" name="testNG.Test3" time="0.090" errors="0" timestamp="2022-12-20T08:52:46 IST" skipped="0">
  <testcase classname="testNG.Test3" name="chats" time="0.075"/>
  <system-out>
    <![CDATA[chats]]>
  </system-out>
  <testcase classname="testNG.Test3" name="calls" time="0.002"/>
  <system-out>
    <![CDATA[calls]]>
  </system-out>
  <testcase classname="testNG.Test3" name="settings" time="0.006"/>
  <system-out>
    <![CDATA[settings]]>
  </system-out>
  <testcase classname="testNG.Test3" name="settings" time="0.005"/>
  <system-out>
    <![CDATA[settings]]>
  </system-out>
  <testcase classname="testNG.Test3" name="settings" time="0.002"/>
  <system-out>
    <![CDATA[settings]]>
  </system-out>
</testsuite> <!-- testNG.Test3 -->
