<?xml version="1.0" encoding="UTF-8"?>
<!-- Generated by org.testng.reporters.JUnitReportReporter -->
<testsuite hostname="DESKTOP-G092QH2" failures="0" tests="3" name="testNG.Test2" time="0.145" errors="0" timestamp="2022-12-20T08:26:48 IST" skipped="0">
  <testcase classname="testNG.Test2" name="chats" time="0.140"/>
  <system-out>
    <![CDATA[chats]]>
  </system-out>
  <testcase classname="testNG.Test2" name="calls" time="0.002"/>
  <system-out>
    <![CDATA[calls]]>
  </system-out>
  <testcase classname="testNG.Test2" name="settings" time="0.003"/>
  <system-out>
    <![CDATA[settings]]>
  </system-out>
</testsuite> <!-- testNG.Test2 -->
