<?xml version="1.0" encoding="UTF-8"?>
<!-- Generated by org.testng.reporters.JUnitReportReporter -->
<testsuite hostname="DESKTOP-G092QH2" failures="0" tests="1" name="testNG.TestCase3" time="93.638" errors="0" timestamp="2022-12-23T06:59:44 IST" skipped="0">
  <testcase classname="testNG.TestCase3" name="tc3" time="93.638"/>
  <system-out>
    <![CDATA[Log in to Facebook
https://www.facebook.com/login/?next=https%3A%2F%2Fwww.facebook.com%2Fpages%2Fcreate%2F%3Fref_type%3Dregistration_form]]>
  </system-out>
</testsuite> <!-- testNG.TestCase3 -->
