<?xml version="1.0" encoding="UTF-8"?>
<!-- Generated by org.testng.reporters.JUnitReportReporter -->
<testsuite hostname="DESKTOP-G092QH2" failures="0" tests="3" name="testNG.Test4" time="0.017" errors="0" timestamp="2022-12-20T09:12:10 IST" skipped="1">
  <testcase classname="testNG.Test4" name="chats" time="0.016"/>
  <system-out>
    <![CDATA[chats]]>
  </system-out>
  <testcase classname="testNG.Test4" name="calls" time="0.001"/>
  <system-out>
    <![CDATA[calls]]>
  </system-out>
  <testcase classname="testNG.Test4" name="settings">
    <skipped/>
  </testcase> <!-- settings -->
  <system-out/>
</testsuite> <!-- testNG.Test4 -->
