<?xml version="1.0" encoding="UTF-8"?>
<!-- Generated by org.testng.reporters.JUnitReportReporter -->
<testsuite hostname="DESKTOP-G092QH2" failures="0" tests="3" name="testNG.parallel1$Parallel" time="482.417" errors="0" timestamp="2022-12-22T08:58:08 IST" skipped="0">
  <testcase classname="testNG.parallel1$Parallel" name="demo" time="152.707"/>
  <system-out>
    <![CDATA[Facebook – log in or sign up
https://www.facebook.com/]]>
  </system-out>
  <testcase classname="testNG.parallel1$Parallel" name="demo" time="177.138"/>
  <system-out>
    <![CDATA[Facebook – log in or sign up
https://www.facebook.com/login/?privacy_mutation_token=eyJ0eXBlIjowLCJjcmVhdGlvbl90aW1lIjoxNjcxNjc5NjE1LCJjYWxsc2l0ZV9pZCI6MzgxMjI5MDc5NTc1OTQ2fQ%3D%3D]]>
  </system-out>
  <testcase classname="testNG.parallel1$Parallel" name="demo" time="152.572"/>
  <system-out>
    <![CDATA[Facebook – log in or sign up
https://www.facebook.com/]]>
  </system-out>
</testsuite> <!-- testNG.parallel1$Parallel -->
