<?xml version="1.0" encoding="UTF-8"?>
<!-- Generated by org.testng.reporters.JUnitReportReporter -->
<testsuite hostname="DESKTOP-G092QH2" failures="0" tests="1" name="testNG.Test7" time="65.392" errors="0" timestamp="2022-12-21T20:09:51 IST" skipped="0">
  <testcase classname="testNG.Test7" name="tc3" time="65.392"/>
  <system-out>
    <![CDATA[Log in to Facebook
https://www.facebook.com/login/?next=https%3A%2F%2Fwww.facebook.com%2Fpages%2Fcreate%2F%3Fref_type%3Dregistration_form]]>
  </system-out>
</testsuite> <!-- testNG.Test7 -->
